<?xml version="1.0" encoding="UTF-8"?>
<!-- Generated by org.testng.reporters.JUnitReportReporter -->
<testsuite hostname="DESKTOP-M9ILELD" failures="0" tests="2" name="testNG.Class_001" time="0.012" errors="0" timestamp="2024-06-20T21:39:52 IST" skipped="0">
  <testcase classname="testNG.Class_001" name="d" time="0.008"/>
  <system-out/>
  <testcase classname="testNG.Class_001" name="f" time="0.004"/>
  <system-out/>
</testsuite> <!-- testNG.Class_001 -->
